[    11.653] (--) Log file renamed from "/home/gjs/.local/share/xorg/Xorg.pid-2156.log" to "/home/gjs/.local/share/xorg/Xorg.0.log"
[    11.654] 
X.Org X Server 1.19.6
Release Date: 2017-12-20
[    11.654] X Protocol Version 11, Revision 0
[    11.654] Build Operating System: Linux 4.4.0-119-generic x86_64 Ubuntu
[    11.654] Current Operating System: Linux gjs 4.15.0-43-generic #46-Ubuntu SMP Thu Dec 6 14:45:28 UTC 2018 x86_64
[    11.654] Kernel command line: BOOT_IMAGE=/boot/vmlinuz-4.15.0-43-generic root=UUID=34227b68-d945-4cdc-9c53-30730959ff67 ro quiet splash vt.handoff=1
[    11.654] Build Date: 13 April 2018  08:07:36PM
[    11.654] xorg-server 2:1.19.6-1ubuntu4 (For technical support please see http://www.ubuntu.com/support) 
[    11.654] Current version of pixman: 0.34.0
[    11.654] 	Before reporting problems, check http://wiki.x.org
	to make sure that you have the latest version.
[    11.654] Markers: (--) probed, (**) from config file, (==) default setting,
	(++) from command line, (!!) notice, (II) informational,
	(WW) warning, (EE) error, (NI) not implemented, (??) unknown.
[    11.654] (==) Log file: "/home/gjs/.local/share/xorg/Xorg.0.log", Time: Sat Jan  5 17:44:02 2019
[    11.654] (==) Using system config directory "/usr/share/X11/xorg.conf.d"
[    11.655] (==) No Layout section.  Using the first Screen section.
[    11.655] (==) No screen section available. Using defaults.
[    11.655] (**) |-->Screen "Default Screen Section" (0)
[    11.655] (**) |   |-->Monitor "<default monitor>"
[    11.656] (==) No monitor specified for screen "Default Screen Section".
	Using a default monitor configuration.
[    11.656] (==) Automatically adding devices
[    11.656] (==) Automatically enabling devices
[    11.656] (==) Automatically adding GPU devices
[    11.656] (==) Automatically binding GPU devices
[    11.656] (==) Max clients allowed: 256, resource mask: 0x1fffff
[    11.656] (WW) The directory "/usr/share/fonts/X11/cyrillic" does not exist.
[    11.656] 	Entry deleted from font path.
[    11.656] (WW) The directory "/usr/share/fonts/X11/100dpi/" does not exist.
[    11.656] 	Entry deleted from font path.
[    11.656] (WW) The directory "/usr/share/fonts/X11/75dpi/" does not exist.
[    11.656] 	Entry deleted from font path.
[    11.656] (WW) The directory "/usr/share/fonts/X11/100dpi" does not exist.
[    11.656] 	Entry deleted from font path.
[    11.656] (WW) The directory "/usr/share/fonts/X11/75dpi" does not exist.
[    11.656] 	Entry deleted from font path.
[    11.656] (==) FontPath set to:
	/usr/share/fonts/X11/misc,
	/usr/share/fonts/X11/Type1,
	built-ins
[    11.656] (==) ModulePath set to "/usr/lib/xorg/modules"
[    11.656] (II) The server relies on udev to provide the list of input devices.
	If no devices become available, reconfigure udev or disable AutoAddDevices.
[    11.656] (II) Loader magic: 0x562f42247020
[    11.656] (II) Module ABI versions:
[    11.656] 	X.Org ANSI C Emulation: 0.4
[    11.656] 	X.Org Video Driver: 23.0
[    11.656] 	X.Org XInput driver : 24.1
[    11.656] 	X.Org Server Extension : 10.0
[    11.656] (++) using VT number 2

[    11.657] (II) systemd-logind: took control of session /org/freedesktop/login1/session/_32
[    11.658] (II) xfree86: Adding drm device (/dev/dri/card0)
[    11.658] (II) systemd-logind: got fd for /dev/dri/card0 226:0 fd 12 paused 0
[    11.659] (--) PCI:*(0:1:0:0) 10de:13c0:3842:2980 rev 161, Mem @ 0xd2000000/16777216, 0xc0000000/268435456, 0xd0000000/33554432, I/O @ 0x0000e000/128, BIOS @ 0x????????/131072
[    11.659] (II) LoadModule: "glx"
[    11.660] (II) Loading /usr/lib/xorg/modules/extensions/libglx.so
[    11.662] (II) Module glx: vendor="X.Org Foundation"
[    11.662] 	compiled for 1.19.6, module version = 1.0.0
[    11.662] 	ABI class: X.Org Server Extension, version 10.0
[    11.662] (==) Matched nouveau as autoconfigured driver 0
[    11.662] (==) Matched nouveau as autoconfigured driver 1
[    11.662] (==) Matched modesetting as autoconfigured driver 2
[    11.662] (==) Matched fbdev as autoconfigured driver 3
[    11.662] (==) Matched vesa as autoconfigured driver 4
[    11.662] (==) Assigned the driver to the xf86ConfigLayout
[    11.662] (II) LoadModule: "nouveau"
[    11.662] (II) Loading /usr/lib/xorg/modules/drivers/nouveau_drv.so
[    11.663] (II) Module nouveau: vendor="X.Org Foundation"
[    11.663] 	compiled for 1.19.3, module version = 1.0.15
[    11.663] 	Module class: X.Org Video Driver
[    11.663] 	ABI class: X.Org Video Driver, version 23.0
[    11.663] (II) LoadModule: "modesetting"
[    11.663] (II) Loading /usr/lib/xorg/modules/drivers/modesetting_drv.so
[    11.668] (II) Module modesetting: vendor="X.Org Foundation"
[    11.668] 	compiled for 1.19.6, module version = 1.19.6
[    11.668] 	Module class: X.Org Video Driver
[    11.668] 	ABI class: X.Org Video Driver, version 23.0
[    11.668] (II) LoadModule: "fbdev"
[    11.669] (II) Loading /usr/lib/xorg/modules/drivers/fbdev_drv.so
[    11.671] (II) Module fbdev: vendor="X.Org Foundation"
[    11.671] 	compiled for 1.19.3, module version = 0.4.4
[    11.671] 	Module class: X.Org Video Driver
[    11.671] 	ABI class: X.Org Video Driver, version 23.0
[    11.671] (II) LoadModule: "vesa"
[    11.672] (II) Loading /usr/lib/xorg/modules/drivers/vesa_drv.so
[    11.674] (II) Module vesa: vendor="X.Org Foundation"
[    11.674] 	compiled for 1.19.3, module version = 2.3.4
[    11.674] 	Module class: X.Org Video Driver
[    11.674] 	ABI class: X.Org Video Driver, version 23.0
[    11.674] (II) NOUVEAU driver Date:   Fri Apr 21 14:41:17 2017 -0400
[    11.674] (II) NOUVEAU driver for NVIDIA chipset families :
[    11.674] 	RIVA TNT        (NV04)
[    11.674] 	RIVA TNT2       (NV05)
[    11.674] 	GeForce 256     (NV10)
[    11.674] 	GeForce 2       (NV11, NV15)
[    11.674] 	GeForce 4MX     (NV17, NV18)
[    11.674] 	GeForce 3       (NV20)
[    11.674] 	GeForce 4Ti     (NV25, NV28)
[    11.674] 	GeForce FX      (NV3x)
[    11.674] 	GeForce 6       (NV4x)
[    11.674] 	GeForce 7       (G7x)
[    11.674] 	GeForce 8       (G8x)
[    11.674] 	GeForce GTX 200 (NVA0)
[    11.674] 	GeForce GTX 400 (NVC0)
[    11.674] (II) modesetting: Driver for Modesetting Kernel Drivers: kms
[    11.674] (II) FBDEV: driver for framebuffer: fbdev
[    11.674] (II) VESA: driver for VESA chipsets: vesa
[    11.674] xf86EnableIOPorts: failed to set IOPL for I/O (Operation not permitted)
[    11.674] (II) [drm] nouveau interface version: 1.3.1
[    11.674] (WW) Falling back to old probe method for modesetting
[    11.674] (WW) Falling back to old probe method for fbdev
[    11.674] (II) Loading sub module "fbdevhw"
[    11.674] (II) LoadModule: "fbdevhw"
[    11.674] (II) Loading /usr/lib/xorg/modules/libfbdevhw.so
[    11.675] (II) Module fbdevhw: vendor="X.Org Foundation"
[    11.675] 	compiled for 1.19.6, module version = 0.0.2
[    11.675] 	ABI class: X.Org Video Driver, version 23.0
[    11.675] (EE) open /dev/fb0: Permission denied
[    11.675] (WW) Falling back to old probe method for vesa
[    11.675] (WW) VGA arbiter: cannot open kernel arbiter, no multi-card support
[    11.675] (II) Loading sub module "dri2"
[    11.675] (II) LoadModule: "dri2"
[    11.675] (II) Module "dri2" already built-in
[    11.675] (--) NOUVEAU(0): Chipset: "NVIDIA NV124"
[    11.675] (II) NOUVEAU(0): Creating default Display subsection in Screen section
	"Default Screen Section" for depth/fbbpp 24/32
[    11.675] (==) NOUVEAU(0): Depth 24, (--) framebuffer bpp 32
[    11.675] (==) NOUVEAU(0): RGB weight 888
[    11.675] (==) NOUVEAU(0): Default visual is TrueColor
[    11.675] (==) NOUVEAU(0): Using HW cursor
[    11.675] (==) NOUVEAU(0): Allowed maximum DRI level 2.
[    11.675] (==) NOUVEAU(0): GLX sync to VBlank enabled.
[    11.675] (==) NOUVEAU(0): Page flipping enabled
[    11.675] (==) NOUVEAU(0): Swap limit set to 1 [Max allowed 2]
[    11.675] (==) NOUVEAU(0): Page flipping synced to vblank by kernel.
[    11.675] (II) NOUVEAU(0): Initializing outputs ...
[    11.687] (II) NOUVEAU(0): Output DVI-I-1 has no monitor section
[    11.691] (II) NOUVEAU(0): Output DP-1 has no monitor section
[    11.694] (II) NOUVEAU(0): Output DP-2 has no monitor section
[    11.698] (II) NOUVEAU(0): Output DP-3 has no monitor section
[    11.699] (II) NOUVEAU(0): Output HDMI-1 has no monitor section
[    11.699] (II) NOUVEAU(0): 5 crtcs needed for screen.
[    11.699] (II) NOUVEAU(0): Allocated crtc nr. 0 to this screen.
[    11.699] (II) NOUVEAU(0): Allocated crtc nr. 1 to this screen.
[    11.699] (II) NOUVEAU(0): Allocated crtc nr. 2 to this screen.
[    11.699] (II) NOUVEAU(0): Allocated crtc nr. 3 to this screen.
[    11.711] (II) NOUVEAU(0): EDID for output DVI-I-1
[    11.715] (II) NOUVEAU(0): EDID for output DP-1
[    11.715] (II) NOUVEAU(0): Manufacturer: DEL  Model: a0db  Serial#: 875706195
[    11.715] (II) NOUVEAU(0): Year: 2017  Week: 22
[    11.715] (II) NOUVEAU(0): EDID Version: 1.4
[    11.715] (II) NOUVEAU(0): Digital Display Input
[    11.715] (II) NOUVEAU(0): 8 bits per channel
[    11.715] (II) NOUVEAU(0): Digital interface is DisplayPort
[    11.715] (II) NOUVEAU(0): Max Image Size [cm]: horiz.: 53  vert.: 30
[    11.715] (II) NOUVEAU(0): Gamma: 2.20
[    11.715] (II) NOUVEAU(0): DPMS capabilities: Off
[    11.715] (II) NOUVEAU(0): Supported color encodings: RGB 4:4:4 YCrCb 4:4:4 YCrCb 4:2:2
[    11.715] (II) NOUVEAU(0): First detailed timing is preferred mode
[    11.715] (II) NOUVEAU(0): Preferred mode is native pixel format and refresh rate
[    11.715] (II) NOUVEAU(0): redX: 0.652 redY: 0.336   greenX: 0.321 greenY: 0.610
[    11.715] (II) NOUVEAU(0): blueX: 0.153 blueY: 0.061   whiteX: 0.313 whiteY: 0.329
[    11.715] (II) NOUVEAU(0): Supported established timings:
[    11.715] (II) NOUVEAU(0): 720x400@70Hz
[    11.715] (II) NOUVEAU(0): 640x480@60Hz
[    11.715] (II) NOUVEAU(0): 640x480@75Hz
[    11.715] (II) NOUVEAU(0): 800x600@60Hz
[    11.715] (II) NOUVEAU(0): 800x600@75Hz
[    11.715] (II) NOUVEAU(0): 1024x768@60Hz
[    11.715] (II) NOUVEAU(0): 1024x768@75Hz
[    11.715] (II) NOUVEAU(0): 1280x1024@75Hz
[    11.715] (II) NOUVEAU(0): Manufacturer's mask: 0
[    11.715] (II) NOUVEAU(0): Supported standard timings:
[    11.715] (II) NOUVEAU(0): #0: hsize: 1152  vsize 864  refresh: 75  vid: 20337
[    11.715] (II) NOUVEAU(0): #1: hsize: 1280  vsize 1024  refresh: 60  vid: 32897
[    11.715] (II) NOUVEAU(0): #2: hsize: 1600  vsize 900  refresh: 60  vid: 49321
[    11.715] (II) NOUVEAU(0): #3: hsize: 1920  vsize 1080  refresh: 60  vid: 49361
[    11.715] (II) NOUVEAU(0): Supported detailed timing:
[    11.715] (II) NOUVEAU(0): clock: 148.5 MHz   Image Size:  527 x 296 mm
[    11.715] (II) NOUVEAU(0): h_active: 1920  h_sync: 2008  h_sync_end 2052 h_blank_end 2200 h_border: 0
[    11.715] (II) NOUVEAU(0): v_active: 1080  v_sync: 1084  v_sync_end 1089 v_blanking: 1125 v_border: 0
[    11.715] (II) NOUVEAU(0): Serial No: C9G5D762427S
[    11.715] (II) NOUVEAU(0): Monitor name: DELL P2417H
[    11.715] (II) NOUVEAU(0): Ranges: V min: 56 V max: 76 Hz, H min: 30 H max: 83 kHz, PixClock max 175 MHz
[    11.715] (II) NOUVEAU(0): EDID (in hex):
[    11.715] (II) NOUVEAU(0): 	00ffffffffffff0010acdba053373234
[    11.715] (II) NOUVEAU(0): 	161b0104a5351e783a0565a756529c27
[    11.715] (II) NOUVEAU(0): 	0f5054a54b00714f8180a9c0d1c00101
[    11.715] (II) NOUVEAU(0): 	010101010101023a801871382d40582c
[    11.715] (II) NOUVEAU(0): 	45000f282100001e000000ff00433947
[    11.715] (II) NOUVEAU(0): 	3544373632343237530a000000fc0044
[    11.715] (II) NOUVEAU(0): 	454c4c205032343137480a20000000fd
[    11.715] (II) NOUVEAU(0): 	00384c1e5311010a2020202020200085
[    11.715] (II) NOUVEAU(0): Printing probed modes for output DP-1
[    11.715] (II) NOUVEAU(0): Modeline "1920x1080"x60.0  148.50  1920 2008 2052 2200  1080 1084 1089 1125 +hsync +vsync (67.5 kHz eP)
[    11.715] (II) NOUVEAU(0): Modeline "1600x900"x60.0  108.00  1600 1624 1704 1800  900 901 904 1000 +hsync +vsync (60.0 kHz e)
[    11.715] (II) NOUVEAU(0): Modeline "1280x1024"x75.0  135.00  1280 1296 1440 1688  1024 1025 1028 1066 +hsync +vsync (80.0 kHz e)
[    11.715] (II) NOUVEAU(0): Modeline "1280x1024"x60.0  108.00  1280 1328 1440 1688  1024 1025 1028 1066 +hsync +vsync (64.0 kHz e)
[    11.715] (II) NOUVEAU(0): Modeline "1152x864"x75.0  108.00  1152 1216 1344 1600  864 865 868 900 +hsync +vsync (67.5 kHz e)
[    11.715] (II) NOUVEAU(0): Modeline "1024x768"x75.0   78.75  1024 1040 1136 1312  768 769 772 800 +hsync +vsync (60.0 kHz e)
[    11.715] (II) NOUVEAU(0): Modeline "1024x768"x60.0   65.00  1024 1048 1184 1344  768 771 777 806 -hsync -vsync (48.4 kHz e)
[    11.715] (II) NOUVEAU(0): Modeline "800x600"x75.0   49.50  800 816 896 1056  600 601 604 625 +hsync +vsync (46.9 kHz e)
[    11.715] (II) NOUVEAU(0): Modeline "800x600"x60.3   40.00  800 840 968 1056  600 601 605 628 +hsync +vsync (37.9 kHz e)
[    11.715] (II) NOUVEAU(0): Modeline "640x480"x75.0   31.50  640 656 720 840  480 481 484 500 -hsync -vsync (37.5 kHz e)
[    11.715] (II) NOUVEAU(0): Modeline "640x480"x59.9   25.18  640 656 752 800  480 490 492 525 -hsync -vsync (31.5 kHz e)
[    11.715] (II) NOUVEAU(0): Modeline "720x400"x70.1   28.32  720 738 846 900  400 412 414 449 -hsync +vsync (31.5 kHz e)
[    11.719] (II) NOUVEAU(0): EDID for output DP-2
[    11.719] (II) NOUVEAU(0): Manufacturer: DEL  Model: a0db  Serial#: 927807298
[    11.719] (II) NOUVEAU(0): Year: 2017  Week: 14
[    11.719] (II) NOUVEAU(0): EDID Version: 1.4
[    11.719] (II) NOUVEAU(0): Digital Display Input
[    11.719] (II) NOUVEAU(0): 8 bits per channel
[    11.719] (II) NOUVEAU(0): Digital interface is DisplayPort
[    11.719] (II) NOUVEAU(0): Max Image Size [cm]: horiz.: 53  vert.: 30
[    11.719] (II) NOUVEAU(0): Gamma: 2.20
[    11.719] (II) NOUVEAU(0): DPMS capabilities: Off
[    11.719] (II) NOUVEAU(0): Supported color encodings: RGB 4:4:4 YCrCb 4:4:4 YCrCb 4:2:2
[    11.719] (II) NOUVEAU(0): First detailed timing is preferred mode
[    11.719] (II) NOUVEAU(0): Preferred mode is native pixel format and refresh rate
[    11.719] (II) NOUVEAU(0): redX: 0.652 redY: 0.336   greenX: 0.321 greenY: 0.610
[    11.719] (II) NOUVEAU(0): blueX: 0.153 blueY: 0.061   whiteX: 0.313 whiteY: 0.329
[    11.719] (II) NOUVEAU(0): Supported established timings:
[    11.719] (II) NOUVEAU(0): 720x400@70Hz
[    11.719] (II) NOUVEAU(0): 640x480@60Hz
[    11.719] (II) NOUVEAU(0): 640x480@75Hz
[    11.719] (II) NOUVEAU(0): 800x600@60Hz
[    11.719] (II) NOUVEAU(0): 800x600@75Hz
[    11.719] (II) NOUVEAU(0): 1024x768@60Hz
[    11.719] (II) NOUVEAU(0): 1024x768@75Hz
[    11.719] (II) NOUVEAU(0): 1280x1024@75Hz
[    11.719] (II) NOUVEAU(0): Manufacturer's mask: 0
[    11.719] (II) NOUVEAU(0): Supported standard timings:
[    11.719] (II) NOUVEAU(0): #0: hsize: 1152  vsize 864  refresh: 75  vid: 20337
[    11.719] (II) NOUVEAU(0): #1: hsize: 1280  vsize 1024  refresh: 60  vid: 32897
[    11.719] (II) NOUVEAU(0): #2: hsize: 1600  vsize 900  refresh: 60  vid: 49321
[    11.719] (II) NOUVEAU(0): #3: hsize: 1920  vsize 1080  refresh: 60  vid: 49361
[    11.719] (II) NOUVEAU(0): Supported detailed timing:
[    11.719] (II) NOUVEAU(0): clock: 148.5 MHz   Image Size:  527 x 296 mm
[    11.719] (II) NOUVEAU(0): h_active: 1920  h_sync: 2008  h_sync_end 2052 h_blank_end 2200 h_border: 0
[    11.719] (II) NOUVEAU(0): v_active: 1080  v_sync: 1084  v_sync_end 1089 v_blanking: 1125 v_border: 0
[    11.719] (II) NOUVEAU(0): Serial No: C9G5D7477M7B
[    11.719] (II) NOUVEAU(0): Monitor name: DELL P2417H
[    11.719] (II) NOUVEAU(0): Ranges: V min: 56 V max: 76 Hz, H min: 30 H max: 83 kHz, PixClock max 175 MHz
[    11.719] (II) NOUVEAU(0): EDID (in hex):
[    11.719] (II) NOUVEAU(0): 	00ffffffffffff0010acdba042374d37
[    11.719] (II) NOUVEAU(0): 	0e1b0104a5351e783a0565a756529c27
[    11.719] (II) NOUVEAU(0): 	0f5054a54b00714f8180a9c0d1c00101
[    11.719] (II) NOUVEAU(0): 	010101010101023a801871382d40582c
[    11.719] (II) NOUVEAU(0): 	45000f282100001e000000ff00433947
[    11.719] (II) NOUVEAU(0): 	3544373437374d37420a000000fc0044
[    11.719] (II) NOUVEAU(0): 	454c4c205032343137480a20000000fd
[    11.719] (II) NOUVEAU(0): 	00384c1e5311010a2020202020200070
[    11.719] (II) NOUVEAU(0): Printing probed modes for output DP-2
[    11.719] (II) NOUVEAU(0): Modeline "1920x1080"x60.0  148.50  1920 2008 2052 2200  1080 1084 1089 1125 +hsync +vsync (67.5 kHz eP)
[    11.719] (II) NOUVEAU(0): Modeline "1600x900"x60.0  108.00  1600 1624 1704 1800  900 901 904 1000 +hsync +vsync (60.0 kHz e)
[    11.719] (II) NOUVEAU(0): Modeline "1280x1024"x75.0  135.00  1280 1296 1440 1688  1024 1025 1028 1066 +hsync +vsync (80.0 kHz e)
[    11.719] (II) NOUVEAU(0): Modeline "1280x1024"x60.0  108.00  1280 1328 1440 1688  1024 1025 1028 1066 +hsync +vsync (64.0 kHz e)
[    11.719] (II) NOUVEAU(0): Modeline "1152x864"x75.0  108.00  1152 1216 1344 1600  864 865 868 900 +hsync +vsync (67.5 kHz e)
[    11.719] (II) NOUVEAU(0): Modeline "1024x768"x75.0   78.75  1024 1040 1136 1312  768 769 772 800 +hsync +vsync (60.0 kHz e)
[    11.719] (II) NOUVEAU(0): Modeline "1024x768"x60.0   65.00  1024 1048 1184 1344  768 771 777 806 -hsync -vsync (48.4 kHz e)
[    11.719] (II) NOUVEAU(0): Modeline "800x600"x75.0   49.50  800 816 896 1056  600 601 604 625 +hsync +vsync (46.9 kHz e)
[    11.719] (II) NOUVEAU(0): Modeline "800x600"x60.3   40.00  800 840 968 1056  600 601 605 628 +hsync +vsync (37.9 kHz e)
[    11.719] (II) NOUVEAU(0): Modeline "640x480"x75.0   31.50  640 656 720 840  480 481 484 500 -hsync -vsync (37.5 kHz e)
[    11.719] (II) NOUVEAU(0): Modeline "640x480"x59.9   25.18  640 656 752 800  480 490 492 525 -hsync -vsync (31.5 kHz e)
[    11.719] (II) NOUVEAU(0): Modeline "720x400"x70.1   28.32  720 738 846 900  400 412 414 449 -hsync +vsync (31.5 kHz e)
[    11.723] (II) NOUVEAU(0): EDID for output DP-3
[    11.723] (II) NOUVEAU(0): Manufacturer: DEL  Model: a0db  Serial#: 877680460
[    11.723] (II) NOUVEAU(0): Year: 2016  Week: 20
[    11.723] (II) NOUVEAU(0): EDID Version: 1.4
[    11.723] (II) NOUVEAU(0): Digital Display Input
[    11.723] (II) NOUVEAU(0): 8 bits per channel
[    11.723] (II) NOUVEAU(0): Digital interface is DisplayPort
[    11.723] (II) NOUVEAU(0): Max Image Size [cm]: horiz.: 53  vert.: 30
[    11.723] (II) NOUVEAU(0): Gamma: 2.20
[    11.723] (II) NOUVEAU(0): DPMS capabilities: Off
[    11.723] (II) NOUVEAU(0): Supported color encodings: RGB 4:4:4 YCrCb 4:4:4 YCrCb 4:2:2
[    11.723] (II) NOUVEAU(0): First detailed timing is preferred mode
[    11.723] (II) NOUVEAU(0): Preferred mode is native pixel format and refresh rate
[    11.723] (II) NOUVEAU(0): redX: 0.652 redY: 0.336   greenX: 0.321 greenY: 0.610
[    11.723] (II) NOUVEAU(0): blueX: 0.153 blueY: 0.061   whiteX: 0.313 whiteY: 0.329
[    11.723] (II) NOUVEAU(0): Supported established timings:
[    11.723] (II) NOUVEAU(0): 720x400@70Hz
[    11.723] (II) NOUVEAU(0): 640x480@60Hz
[    11.723] (II) NOUVEAU(0): 640x480@75Hz
[    11.723] (II) NOUVEAU(0): 800x600@60Hz
[    11.723] (II) NOUVEAU(0): 800x600@75Hz
[    11.723] (II) NOUVEAU(0): 1024x768@60Hz
[    11.723] (II) NOUVEAU(0): 1024x768@75Hz
[    11.723] (II) NOUVEAU(0): 1280x1024@75Hz
[    11.723] (II) NOUVEAU(0): Manufacturer's mask: 0
[    11.723] (II) NOUVEAU(0): Supported standard timings:
[    11.723] (II) NOUVEAU(0): #0: hsize: 1152  vsize 864  refresh: 75  vid: 20337
[    11.723] (II) NOUVEAU(0): #1: hsize: 1280  vsize 1024  refresh: 60  vid: 32897
[    11.723] (II) NOUVEAU(0): #2: hsize: 1600  vsize 900  refresh: 60  vid: 49321
[    11.723] (II) NOUVEAU(0): #3: hsize: 1920  vsize 1080  refresh: 60  vid: 49361
[    11.723] (II) NOUVEAU(0): Supported detailed timing:
[    11.723] (II) NOUVEAU(0): clock: 148.5 MHz   Image Size:  527 x 296 mm
[    11.723] (II) NOUVEAU(0): h_active: 1920  h_sync: 2008  h_sync_end 2052 h_blank_end 2200 h_border: 0
[    11.723] (II) NOUVEAU(0): v_active: 1080  v_sync: 1084  v_sync_end 1089 v_blanking: 1125 v_border: 0
[    11.723] (II) NOUVEAU(0): Serial No: GX5MM65B4PWL
[    11.723] (II) NOUVEAU(0): Monitor name: DELL P2417H
[    11.723] (II) NOUVEAU(0): Ranges: V min: 56 V max: 76 Hz, H min: 30 H max: 83 kHz, PixClock max 175 MHz
[    11.723] (II) NOUVEAU(0): EDID (in hex):
[    11.723] (II) NOUVEAU(0): 	00ffffffffffff0010acdba04c575034
[    11.723] (II) NOUVEAU(0): 	141a0104a5351e783a0565a756529c27
[    11.723] (II) NOUVEAU(0): 	0f5054a54b00714f8180a9c0d1c00101
[    11.723] (II) NOUVEAU(0): 	010101010101023a801871382d40582c
[    11.723] (II) NOUVEAU(0): 	45000f282100001e000000ff00475835
[    11.723] (II) NOUVEAU(0): 	4d4d3635423450574c0a000000fc0044
[    11.723] (II) NOUVEAU(0): 	454c4c205032343137480a20000000fd
[    11.723] (II) NOUVEAU(0): 	00384c1e5311010a20202020202000da
[    11.723] (II) NOUVEAU(0): Printing probed modes for output DP-3
[    11.723] (II) NOUVEAU(0): Modeline "1920x1080"x60.0  148.50  1920 2008 2052 2200  1080 1084 1089 1125 +hsync +vsync (67.5 kHz eP)
[    11.723] (II) NOUVEAU(0): Modeline "1600x900"x60.0  108.00  1600 1624 1704 1800  900 901 904 1000 +hsync +vsync (60.0 kHz e)
[    11.723] (II) NOUVEAU(0): Modeline "1280x1024"x75.0  135.00  1280 1296 1440 1688  1024 1025 1028 1066 +hsync +vsync (80.0 kHz e)
[    11.723] (II) NOUVEAU(0): Modeline "1280x1024"x60.0  108.00  1280 1328 1440 1688  1024 1025 1028 1066 +hsync +vsync (64.0 kHz e)
[    11.723] (II) NOUVEAU(0): Modeline "1152x864"x75.0  108.00  1152 1216 1344 1600  864 865 868 900 +hsync +vsync (67.5 kHz e)
[    11.723] (II) NOUVEAU(0): Modeline "1024x768"x75.0   78.75  1024 1040 1136 1312  768 769 772 800 +hsync +vsync (60.0 kHz e)
[    11.723] (II) NOUVEAU(0): Modeline "1024x768"x60.0   65.00  1024 1048 1184 1344  768 771 777 806 -hsync -vsync (48.4 kHz e)
[    11.723] (II) NOUVEAU(0): Modeline "800x600"x75.0   49.50  800 816 896 1056  600 601 604 625 +hsync +vsync (46.9 kHz e)
[    11.723] (II) NOUVEAU(0): Modeline "800x600"x60.3   40.00  800 840 968 1056  600 601 605 628 +hsync +vsync (37.9 kHz e)
[    11.723] (II) NOUVEAU(0): Modeline "640x480"x75.0   31.50  640 656 720 840  480 481 484 500 -hsync -vsync (37.5 kHz e)
[    11.723] (II) NOUVEAU(0): Modeline "640x480"x59.9   25.18  640 656 752 800  480 490 492 525 -hsync -vsync (31.5 kHz e)
[    11.723] (II) NOUVEAU(0): Modeline "720x400"x70.1   28.32  720 738 846 900  400 412 414 449 -hsync +vsync (31.5 kHz e)
[    11.725] (II) NOUVEAU(0): EDID for output HDMI-1
[    11.725] (II) NOUVEAU(0): Output DVI-I-1 disconnected
[    11.725] (II) NOUVEAU(0): Output DP-1 connected
[    11.725] (II) NOUVEAU(0): Output DP-2 connected
[    11.725] (II) NOUVEAU(0): Output DP-3 connected
[    11.725] (II) NOUVEAU(0): Output HDMI-1 disconnected
[    11.725] (II) NOUVEAU(0): Using spanning desktop for initial modes
[    11.725] (II) NOUVEAU(0): Output DP-1 using initial mode 1920x1080 +0+0
[    11.725] (II) NOUVEAU(0): Output DP-2 using initial mode 1920x1080 +1920+0
[    11.725] (II) NOUVEAU(0): Output DP-3 using initial mode 1920x1080 +3840+0
[    11.725] (==) NOUVEAU(0): Using gamma correction (1.0, 1.0, 1.0)
[    11.725] (--) NOUVEAU(0): Virtual size is 5760x1080 (pitch 0)
[    11.725] (**) NOUVEAU(0):  Driver mode "1920x1080": 148.5 MHz (scaled from 0.0 MHz), 67.5 kHz, 60.0 Hz
[    11.725] (II) NOUVEAU(0): Modeline "1920x1080"x60.0  148.50  1920 2008 2052 2200  1080 1084 1089 1125 +hsync +vsync (67.5 kHz eP)
[    11.725] (**) NOUVEAU(0):  Driver mode "1600x900": 108.0 MHz (scaled from 0.0 MHz), 60.0 kHz, 60.0 Hz
[    11.725] (II) NOUVEAU(0): Modeline "1600x900"x60.0  108.00  1600 1624 1704 1800  900 901 904 1000 +hsync +vsync (60.0 kHz e)
[    11.725] (**) NOUVEAU(0):  Driver mode "1280x1024": 135.0 MHz (scaled from 0.0 MHz), 80.0 kHz, 75.0 Hz
[    11.725] (II) NOUVEAU(0): Modeline "1280x1024"x75.0  135.00  1280 1296 1440 1688  1024 1025 1028 1066 +hsync +vsync (80.0 kHz e)
[    11.725] (**) NOUVEAU(0):  Driver mode "1280x1024": 108.0 MHz (scaled from 0.0 MHz), 64.0 kHz, 60.0 Hz
[    11.725] (II) NOUVEAU(0): Modeline "1280x1024"x60.0  108.00  1280 1328 1440 1688  1024 1025 1028 1066 +hsync +vsync (64.0 kHz e)
[    11.725] (**) NOUVEAU(0):  Driver mode "1152x864": 108.0 MHz (scaled from 0.0 MHz), 67.5 kHz, 75.0 Hz
[    11.725] (II) NOUVEAU(0): Modeline "1152x864"x75.0  108.00  1152 1216 1344 1600  864 865 868 900 +hsync +vsync (67.5 kHz e)
[    11.725] (**) NOUVEAU(0):  Driver mode "1024x768": 78.8 MHz (scaled from 0.0 MHz), 60.0 kHz, 75.0 Hz
[    11.725] (II) NOUVEAU(0): Modeline "1024x768"x75.0   78.75  1024 1040 1136 1312  768 769 772 800 +hsync +vsync (60.0 kHz e)
[    11.725] (**) NOUVEAU(0):  Driver mode "1024x768": 65.0 MHz (scaled from 0.0 MHz), 48.4 kHz, 60.0 Hz
[    11.725] (II) NOUVEAU(0): Modeline "1024x768"x60.0   65.00  1024 1048 1184 1344  768 771 777 806 -hsync -vsync (48.4 kHz e)
[    11.725] (**) NOUVEAU(0):  Driver mode "800x600": 49.5 MHz (scaled from 0.0 MHz), 46.9 kHz, 75.0 Hz
[    11.725] (II) NOUVEAU(0): Modeline "800x600"x75.0   49.50  800 816 896 1056  600 601 604 625 +hsync +vsync (46.9 kHz e)
[    11.725] (**) NOUVEAU(0):  Driver mode "800x600": 40.0 MHz (scaled from 0.0 MHz), 37.9 kHz, 60.3 Hz
[    11.725] (II) NOUVEAU(0): Modeline "800x600"x60.3   40.00  800 840 968 1056  600 601 605 628 +hsync +vsync (37.9 kHz e)
[    11.725] (**) NOUVEAU(0):  Driver mode "640x480": 31.5 MHz (scaled from 0.0 MHz), 37.5 kHz, 75.0 Hz
[    11.725] (II) NOUVEAU(0): Modeline "640x480"x75.0   31.50  640 656 720 840  480 481 484 500 -hsync -vsync (37.5 kHz e)
[    11.725] (**) NOUVEAU(0):  Driver mode "640x480": 25.2 MHz (scaled from 0.0 MHz), 31.5 kHz, 59.9 Hz
[    11.725] (II) NOUVEAU(0): Modeline "640x480"x59.9   25.18  640 656 752 800  480 490 492 525 -hsync -vsync (31.5 kHz e)
[    11.725] (**) NOUVEAU(0):  Driver mode "720x400": 28.3 MHz (scaled from 0.0 MHz), 31.5 kHz, 70.1 Hz
[    11.725] (II) NOUVEAU(0): Modeline "720x400"x70.1   28.32  720 738 846 900  400 412 414 449 -hsync +vsync (31.5 kHz e)
[    11.725] (==) NOUVEAU(0): DPI set to (96, 96)
[    11.725] (II) Loading sub module "fb"
[    11.725] (II) LoadModule: "fb"
[    11.725] (II) Loading /usr/lib/xorg/modules/libfb.so
[    11.726] (II) Module fb: vendor="X.Org Foundation"
[    11.726] 	compiled for 1.19.6, module version = 1.0.0
[    11.726] 	ABI class: X.Org ANSI C Emulation, version 0.4
[    11.726] (II) Loading sub module "shadowfb"
[    11.726] (II) LoadModule: "shadowfb"
[    11.726] (II) Loading /usr/lib/xorg/modules/libshadowfb.so
[    11.726] (II) Module shadowfb: vendor="X.Org Foundation"
[    11.726] 	compiled for 1.19.6, module version = 1.0.0
[    11.726] 	ABI class: X.Org ANSI C Emulation, version 0.4
[    11.726] (II) UnloadModule: "modesetting"
[    11.726] (II) Unloading modesetting
[    11.726] (II) UnloadModule: "fbdev"
[    11.726] (II) Unloading fbdev
[    11.726] (II) UnloadSubModule: "fbdevhw"
[    11.726] (II) Unloading fbdevhw
[    11.726] (II) UnloadModule: "vesa"
[    11.726] (II) Unloading vesa
[    11.726] (--) Depth 24 pixmap format is 32 bpp
[    11.728] (II) NOUVEAU(0): Channel setup complete.
[    11.728] (II) NOUVEAU(0): [COPY] async initialised.
[    11.732] (II) NOUVEAU(0): Hardware support for Present enabled
[    11.732] (II) NOUVEAU(0): [DRI2] Setup complete
[    11.732] (II) NOUVEAU(0): [DRI2]   DRI driver: nouveau
[    11.732] (II) NOUVEAU(0): [DRI2]   VDPAU driver: nouveau
[    11.732] (II) Loading sub module "exa"
[    11.732] (II) LoadModule: "exa"
[    11.733] (II) Loading /usr/lib/xorg/modules/libexa.so
[    11.735] (II) Module exa: vendor="X.Org Foundation"
[    11.735] 	compiled for 1.19.6, module version = 2.6.0
[    11.735] 	ABI class: X.Org Video Driver, version 23.0
[    11.735] (II) EXA(0): Driver allocated offscreen pixmaps
[    11.735] (II) EXA(0): Driver registered support for the following operations:
[    11.735] (II)         Solid
[    11.735] (II)         Copy
[    11.735] (II)         Composite (RENDER acceleration)
[    11.735] (II)         UploadToScreen
[    11.735] (II)         DownloadFromScreen
[    11.735] (==) NOUVEAU(0): Backing store enabled
[    11.735] (==) NOUVEAU(0): Silken mouse enabled
[    11.735] (II) NOUVEAU(0): [XvMC] Associated with Nouveau GeForce 8/9 Textured Video.
[    11.735] (II) NOUVEAU(0): [XvMC] Extension initialized.
[    11.735] (==) NOUVEAU(0): DPMS enabled
[    11.735] (II) NOUVEAU(0): RandR 1.2 enabled, ignore the following RandR disabled message.
[    11.735] (--) RandR disabled
[    11.739] (II) SELinux: Disabled on system
[    11.767] (II) AIGLX: enabled GLX_MESA_copy_sub_buffer
[    11.767] (II) AIGLX: enabled GLX_ARB_create_context
[    11.767] (II) AIGLX: enabled GLX_ARB_create_context_profile
[    11.767] (II) AIGLX: enabled GLX_EXT_create_context_es{,2}_profile
[    11.767] (II) AIGLX: enabled GLX_INTEL_swap_event
[    11.767] (II) AIGLX: enabled GLX_SGI_swap_control
[    11.767] (II) AIGLX: enabled GLX_EXT_framebuffer_sRGB
[    11.767] (II) AIGLX: enabled GLX_ARB_fbconfig_float
[    11.767] (II) AIGLX: enabled GLX_EXT_fbconfig_packed_float
[    11.767] (II) AIGLX: GLX_EXT_texture_from_pixmap backed by buffer objects
[    11.768] (II) AIGLX: Loaded and initialized nouveau
[    11.768] (II) GLX: Initialized DRI2 GL provider for screen 0
[    11.770] (II) NOUVEAU(0): NVEnterVT is called.
[    11.814] (II) NOUVEAU(0): Setting screen physical size to 1524 x 285
[    11.814] resize called 5760 1080
[    11.834] (II) config/udev: Adding input device Power Button (/dev/input/event2)
[    11.834] (**) Power Button: Applying InputClass "libinput keyboard catchall"
[    11.834] (II) LoadModule: "libinput"
[    11.834] (II) Loading /usr/lib/xorg/modules/input/libinput_drv.so
[    11.835] (II) Module libinput: vendor="X.Org Foundation"
[    11.835] 	compiled for 1.19.6, module version = 0.27.1
[    11.835] 	Module class: X.Org XInput Driver
[    11.835] 	ABI class: X.Org XInput driver, version 24.1
[    11.835] (II) Using input driver 'libinput' for 'Power Button'
[    11.835] (II) systemd-logind: got fd for /dev/input/event2 13:66 fd 22 paused 0
[    11.835] (**) Power Button: always reports core events
[    11.835] (**) Option "Device" "/dev/input/event2"
[    11.835] (**) Option "_source" "server/udev"
[    11.836] (II) event2  - Power Button: is tagged by udev as: Keyboard
[    11.836] (II) event2  - Power Button: device is a keyboard
[    11.836] (II) event2  - Power Button: device removed
[    11.836] (**) Option "config_info" "udev:/sys/devices/LNXSYSTM:00/LNXPWRBN:00/input/input2/event2"
[    11.836] (II) XINPUT: Adding extended input device "Power Button" (type: KEYBOARD, id 6)
[    11.836] (**) Option "xkb_model" "pc105"
[    11.836] (**) Option "xkb_layout" "us"
[    11.836] (II) event2  - Power Button: is tagged by udev as: Keyboard
[    11.836] (II) event2  - Power Button: device is a keyboard
[    11.836] (II) config/udev: Adding input device Power Button (/dev/input/event1)
[    11.836] (**) Power Button: Applying InputClass "libinput keyboard catchall"
[    11.836] (II) Using input driver 'libinput' for 'Power Button'
[    11.837] (II) systemd-logind: got fd for /dev/input/event1 13:65 fd 25 paused 0
[    11.837] (**) Power Button: always reports core events
[    11.837] (**) Option "Device" "/dev/input/event1"
[    11.837] (**) Option "_source" "server/udev"
[    11.837] (II) event1  - Power Button: is tagged by udev as: Keyboard
[    11.837] (II) event1  - Power Button: device is a keyboard
[    11.837] (II) event1  - Power Button: device removed
[    11.837] (**) Option "config_info" "udev:/sys/devices/LNXSYSTM:00/LNXSYBUS:00/PNP0C0C:00/input/input1/event1"
[    11.837] (II) XINPUT: Adding extended input device "Power Button" (type: KEYBOARD, id 7)
[    11.837] (**) Option "xkb_model" "pc105"
[    11.837] (**) Option "xkb_layout" "us"
[    11.837] (II) event1  - Power Button: is tagged by udev as: Keyboard
[    11.837] (II) event1  - Power Button: device is a keyboard
[    11.838] (II) config/udev: Adding input device Sleep Button (/dev/input/event0)
[    11.838] (**) Sleep Button: Applying InputClass "libinput keyboard catchall"
[    11.838] (II) Using input driver 'libinput' for 'Sleep Button'
[    11.838] (II) systemd-logind: got fd for /dev/input/event0 13:64 fd 26 paused 0
[    11.838] (**) Sleep Button: always reports core events
[    11.838] (**) Option "Device" "/dev/input/event0"
[    11.838] (**) Option "_source" "server/udev"
[    11.838] (II) event0  - Sleep Button: is tagged by udev as: Keyboard
[    11.838] (II) event0  - Sleep Button: device is a keyboard
[    11.838] (II) event0  - Sleep Button: device removed
[    11.838] (**) Option "config_info" "udev:/sys/devices/LNXSYSTM:00/LNXSYBUS:00/PNP0C0E:00/input/input0/event0"
[    11.838] (II) XINPUT: Adding extended input device "Sleep Button" (type: KEYBOARD, id 8)
[    11.838] (**) Option "xkb_model" "pc105"
[    11.838] (**) Option "xkb_layout" "us"
[    11.839] (II) event0  - Sleep Button: is tagged by udev as: Keyboard
[    11.839] (II) event0  - Sleep Button: device is a keyboard
[    11.839] (II) config/udev: Adding input device HDA NVidia HDMI/DP,pcm=3 (/dev/input/event15)
[    11.839] (II) No input driver specified, ignoring this device.
[    11.839] (II) This device may have been added with another device file.
[    11.839] (II) config/udev: Adding input device HDA NVidia HDMI/DP,pcm=7 (/dev/input/event16)
[    11.839] (II) No input driver specified, ignoring this device.
[    11.839] (II) This device may have been added with another device file.
[    11.840] (II) config/udev: Adding input device HDA NVidia HDMI/DP,pcm=8 (/dev/input/event17)
[    11.840] (II) No input driver specified, ignoring this device.
[    11.840] (II) This device may have been added with another device file.
[    11.840] (II) config/udev: Adding input device HDA NVidia HDMI/DP,pcm=9 (/dev/input/event18)
[    11.840] (II) No input driver specified, ignoring this device.
[    11.840] (II) This device may have been added with another device file.
[    11.840] (II) config/udev: Adding input device USB-HID Keyboard (/dev/input/event5)
[    11.840] (**) USB-HID Keyboard: Applying InputClass "libinput keyboard catchall"
[    11.840] (II) Using input driver 'libinput' for 'USB-HID Keyboard'
[    11.841] (II) systemd-logind: got fd for /dev/input/event5 13:69 fd 27 paused 0
[    11.841] (**) USB-HID Keyboard: always reports core events
[    11.841] (**) Option "Device" "/dev/input/event5"
[    11.841] (**) Option "_source" "server/udev"
[    11.841] (II) event5  - USB-HID Keyboard: is tagged by udev as: Keyboard
[    11.841] (II) event5  - USB-HID Keyboard: device is a keyboard
[    11.841] (II) event5  - USB-HID Keyboard: device removed
[    11.841] (**) Option "config_info" "udev:/sys/devices/pci0000:00/0000:00:14.0/usb1/1-13/1-13:1.0/0003:04D9:018A.0003/input/input8/event5"
[    11.841] (II) XINPUT: Adding extended input device "USB-HID Keyboard" (type: KEYBOARD, id 9)
[    11.841] (**) Option "xkb_model" "pc105"
[    11.841] (**) Option "xkb_layout" "us"
[    11.841] (II) event5  - USB-HID Keyboard: is tagged by udev as: Keyboard
[    11.841] (II) event5  - USB-HID Keyboard: device is a keyboard
[    11.842] (II) config/udev: Adding input device USB-HID Keyboard (/dev/input/event6)
[    11.842] (**) USB-HID Keyboard: Applying InputClass "libinput keyboard catchall"
[    11.842] (II) Using input driver 'libinput' for 'USB-HID Keyboard'
[    11.842] (II) systemd-logind: got fd for /dev/input/event6 13:70 fd 28 paused 0
[    11.842] (**) USB-HID Keyboard: always reports core events
[    11.842] (**) Option "Device" "/dev/input/event6"
[    11.842] (**) Option "_source" "server/udev"
[    11.842] (II) event6  - USB-HID Keyboard: is tagged by udev as: Keyboard
[    11.842] (II) event6  - USB-HID Keyboard: device is a keyboard
[    11.842] (II) event6  - USB-HID Keyboard: device removed
[    11.842] (**) Option "config_info" "udev:/sys/devices/pci0000:00/0000:00:14.0/usb1/1-13/1-13:1.2/0003:04D9:018A.0005/input/input9/event6"
[    11.842] (II) XINPUT: Adding extended input device "USB-HID Keyboard" (type: KEYBOARD, id 10)
[    11.842] (**) Option "xkb_model" "pc105"
[    11.842] (**) Option "xkb_layout" "us"
[    11.843] (II) event6  - USB-HID Keyboard: is tagged by udev as: Keyboard
[    11.843] (II) event6  - USB-HID Keyboard: device is a keyboard
[    11.843] (II) config/udev: Adding input device C-Media Electronics Inc. USB Audio Device (/dev/input/event3)
[    11.843] (**) C-Media Electronics Inc. USB Audio Device: Applying InputClass "libinput keyboard catchall"
[    11.843] (II) Using input driver 'libinput' for 'C-Media Electronics Inc. USB Audio Device'
[    11.843] (II) systemd-logind: got fd for /dev/input/event3 13:67 fd 29 paused 0
[    11.843] (**) C-Media Electronics Inc. USB Audio Device: always reports core events
[    11.843] (**) Option "Device" "/dev/input/event3"
[    11.843] (**) Option "_source" "server/udev"
[    11.844] (II) event3  - C-Media Electronics Inc. USB Audio Device: is tagged by udev as: Keyboard
[    11.844] (II) event3  - C-Media Electronics Inc. USB Audio Device: device is a keyboard
[    11.844] (II) event3  - C-Media Electronics Inc. USB Audio Device: device removed
[    11.844] (**) Option "config_info" "udev:/sys/devices/pci0000:00/0000:00:14.0/usb1/1-2/1-2:1.3/0003:0D8C:0014.0001/input/input6/event3"
[    11.844] (II) XINPUT: Adding extended input device "C-Media Electronics Inc. USB Audio Device" (type: KEYBOARD, id 11)
[    11.844] (**) Option "xkb_model" "pc105"
[    11.844] (**) Option "xkb_layout" "us"
[    11.844] (II) event3  - C-Media Electronics Inc. USB Audio Device: is tagged by udev as: Keyboard
[    11.844] (II) event3  - C-Media Electronics Inc. USB Audio Device: device is a keyboard
[    11.845] (II) config/udev: Adding input device Logitech USB Optical Mouse (/dev/input/event4)
[    11.845] (**) Logitech USB Optical Mouse: Applying InputClass "libinput pointer catchall"
[    11.845] (II) Using input driver 'libinput' for 'Logitech USB Optical Mouse'
[    11.845] (II) systemd-logind: got fd for /dev/input/event4 13:68 fd 30 paused 0
[    11.845] (**) Logitech USB Optical Mouse: always reports core events
[    11.845] (**) Option "Device" "/dev/input/event4"
[    11.845] (**) Option "_source" "server/udev"
[    11.845] (II) event4  - Logitech USB Optical Mouse: is tagged by udev as: Mouse
[    11.845] (II) event4  - Logitech USB Optical Mouse: device is a pointer
[    11.845] (II) event4  - Logitech USB Optical Mouse: device removed
[    11.845] (**) Option "config_info" "udev:/sys/devices/pci0000:00/0000:00:14.0/usb1/1-6/1-6:1.0/0003:046D:C077.0002/input/input7/event4"
[    11.845] (II) XINPUT: Adding extended input device "Logitech USB Optical Mouse" (type: MOUSE, id 12)
[    11.845] (**) Option "AccelerationScheme" "none"
[    11.845] (**) Logitech USB Optical Mouse: (accel) selected scheme none/0
[    11.845] (**) Logitech USB Optical Mouse: (accel) acceleration factor: 2.000
[    11.845] (**) Logitech USB Optical Mouse: (accel) acceleration threshold: 4
[    11.846] (II) event4  - Logitech USB Optical Mouse: is tagged by udev as: Mouse
[    11.846] (II) event4  - Logitech USB Optical Mouse: device is a pointer
[    11.846] (II) config/udev: Adding input device Logitech USB Optical Mouse (/dev/input/mouse0)
[    11.846] (II) No input driver specified, ignoring this device.
[    11.846] (II) This device may have been added with another device file.
[    11.846] (II) config/udev: Adding input device HDA Intel PCH Front Mic (/dev/input/event8)
[    11.846] (II) No input driver specified, ignoring this device.
[    11.846] (II) This device may have been added with another device file.
[    11.846] (II) config/udev: Adding input device HDA Intel PCH Rear Mic (/dev/input/event9)
[    11.846] (II) No input driver specified, ignoring this device.
[    11.846] (II) This device may have been added with another device file.
[    11.847] (II) config/udev: Adding input device HDA Intel PCH Line (/dev/input/event10)
[    11.847] (II) No input driver specified, ignoring this device.
[    11.847] (II) This device may have been added with another device file.
[    11.847] (II) config/udev: Adding input device HDA Intel PCH Line Out Front (/dev/input/event11)
[    11.847] (II) No input driver specified, ignoring this device.
[    11.847] (II) This device may have been added with another device file.
[    11.847] (II) config/udev: Adding input device HDA Intel PCH Line Out Surround (/dev/input/event12)
[    11.847] (II) No input driver specified, ignoring this device.
[    11.847] (II) This device may have been added with another device file.
[    11.847] (II) config/udev: Adding input device HDA Intel PCH Line Out CLFE (/dev/input/event13)
[    11.847] (II) No input driver specified, ignoring this device.
[    11.847] (II) This device may have been added with another device file.
[    11.847] (II) config/udev: Adding input device HDA Intel PCH Front Headphone (/dev/input/event14)
[    11.847] (II) No input driver specified, ignoring this device.
[    11.847] (II) This device may have been added with another device file.
[    11.848] (II) config/udev: Adding input device Eee PC WMI hotkeys (/dev/input/event7)
[    11.848] (**) Eee PC WMI hotkeys: Applying InputClass "libinput keyboard catchall"
[    11.848] (II) Using input driver 'libinput' for 'Eee PC WMI hotkeys'
[    11.848] (II) systemd-logind: got fd for /dev/input/event7 13:71 fd 31 paused 0
[    11.848] (**) Eee PC WMI hotkeys: always reports core events
[    11.848] (**) Option "Device" "/dev/input/event7"
[    11.848] (**) Option "_source" "server/udev"
[    11.848] (II) event7  - Eee PC WMI hotkeys: is tagged by udev as: Keyboard
[    11.848] (II) event7  - Eee PC WMI hotkeys: device is a keyboard
[    11.848] (II) event7  - Eee PC WMI hotkeys: device removed
[    11.848] (**) Option "config_info" "udev:/sys/devices/platform/eeepc-wmi/input/input10/event7"
[    11.848] (II) XINPUT: Adding extended input device "Eee PC WMI hotkeys" (type: KEYBOARD, id 13)
[    11.848] (**) Option "xkb_model" "pc105"
[    11.848] (**) Option "xkb_layout" "us"
[    11.849] (II) event7  - Eee PC WMI hotkeys: is tagged by udev as: Keyboard
[    11.849] (II) event7  - Eee PC WMI hotkeys: device is a keyboard
[    12.429] (II) NOUVEAU(0): EDID vendor "DEL", prod id 41179
[    12.429] (II) NOUVEAU(0): Using EDID range info for horizontal sync
[    12.429] (II) NOUVEAU(0): Using EDID range info for vertical refresh
[    12.429] (II) NOUVEAU(0): Printing DDC gathered Modelines:
[    12.429] (II) NOUVEAU(0): Modeline "1920x1080"x0.0  148.50  1920 2008 2052 2200  1080 1084 1089 1125 +hsync +vsync (67.5 kHz eP)
[    12.429] (II) NOUVEAU(0): Modeline "800x600"x0.0   40.00  800 840 968 1056  600 601 605 628 +hsync +vsync (37.9 kHz e)
[    12.429] (II) NOUVEAU(0): Modeline "640x480"x0.0   31.50  640 656 720 840  480 481 484 500 -hsync -vsync (37.5 kHz e)
[    12.429] (II) NOUVEAU(0): Modeline "640x480"x0.0   25.18  640 656 752 800  480 490 492 525 -hsync -vsync (31.5 kHz e)
[    12.429] (II) NOUVEAU(0): Modeline "720x400"x0.0   28.32  720 738 846 900  400 412 414 449 -hsync +vsync (31.5 kHz e)
[    12.429] (II) NOUVEAU(0): Modeline "1280x1024"x0.0  135.00  1280 1296 1440 1688  1024 1025 1028 1066 +hsync +vsync (80.0 kHz e)
[    12.429] (II) NOUVEAU(0): Modeline "1024x768"x0.0   78.75  1024 1040 1136 1312  768 769 772 800 +hsync +vsync (60.0 kHz e)
[    12.429] (II) NOUVEAU(0): Modeline "1024x768"x0.0   65.00  1024 1048 1184 1344  768 771 777 806 -hsync -vsync (48.4 kHz e)
[    12.429] (II) NOUVEAU(0): Modeline "800x600"x0.0   49.50  800 816 896 1056  600 601 604 625 +hsync +vsync (46.9 kHz e)
[    12.429] (II) NOUVEAU(0): Modeline "1152x864"x0.0  108.00  1152 1216 1344 1600  864 865 868 900 +hsync +vsync (67.5 kHz e)
[    12.429] (II) NOUVEAU(0): Modeline "1280x1024"x0.0  108.00  1280 1328 1440 1688  1024 1025 1028 1066 +hsync +vsync (64.0 kHz e)
[    12.429] (II) NOUVEAU(0): Modeline "1600x900"x60.0  119.00  1600 1696 1864 2128  900 901 904 932 -hsync +vsync (55.9 kHz e)
[    12.429] (II) NOUVEAU(0): Modeline "1920x1080"x60.0  172.80  1920 2040 2248 2576  1080 1081 1084 1118 -hsync +vsync (67.1 kHz e)
[    12.503] resize called 5760 1080
[    15.702] (II) NOUVEAU(0): EDID vendor "DEL", prod id 41179
[    15.702] (II) NOUVEAU(0): Using hsync ranges from config file
[    15.702] (II) NOUVEAU(0): Using vrefresh ranges from config file
[    15.702] (II) NOUVEAU(0): Printing DDC gathered Modelines:
[    15.702] (II) NOUVEAU(0): Modeline "1920x1080"x0.0  148.50  1920 2008 2052 2200  1080 1084 1089 1125 +hsync +vsync (67.5 kHz eP)
[    15.702] (II) NOUVEAU(0): Modeline "800x600"x0.0   40.00  800 840 968 1056  600 601 605 628 +hsync +vsync (37.9 kHz e)
[    15.702] (II) NOUVEAU(0): Modeline "640x480"x0.0   31.50  640 656 720 840  480 481 484 500 -hsync -vsync (37.5 kHz e)
[    15.702] (II) NOUVEAU(0): Modeline "640x480"x0.0   25.18  640 656 752 800  480 490 492 525 -hsync -vsync (31.5 kHz e)
[    15.702] (II) NOUVEAU(0): Modeline "720x400"x0.0   28.32  720 738 846 900  400 412 414 449 -hsync +vsync (31.5 kHz e)
[    15.702] (II) NOUVEAU(0): Modeline "1280x1024"x0.0  135.00  1280 1296 1440 1688  1024 1025 1028 1066 +hsync +vsync (80.0 kHz e)
[    15.702] (II) NOUVEAU(0): Modeline "1024x768"x0.0   78.75  1024 1040 1136 1312  768 769 772 800 +hsync +vsync (60.0 kHz e)
[    15.702] (II) NOUVEAU(0): Modeline "1024x768"x0.0   65.00  1024 1048 1184 1344  768 771 777 806 -hsync -vsync (48.4 kHz e)
[    15.702] (II) NOUVEAU(0): Modeline "800x600"x0.0   49.50  800 816 896 1056  600 601 604 625 +hsync +vsync (46.9 kHz e)
[    15.702] (II) NOUVEAU(0): Modeline "1152x864"x0.0  108.00  1152 1216 1344 1600  864 865 868 900 +hsync +vsync (67.5 kHz e)
[    15.702] (II) NOUVEAU(0): Modeline "1280x1024"x0.0  108.00  1280 1328 1440 1688  1024 1025 1028 1066 +hsync +vsync (64.0 kHz e)
[    15.702] (II) NOUVEAU(0): Modeline "1600x900"x60.0  119.00  1600 1696 1864 2128  900 901 904 932 -hsync +vsync (55.9 kHz e)
[    15.702] (II) NOUVEAU(0): Modeline "1920x1080"x60.0  172.80  1920 2040 2248 2576  1080 1081 1084 1118 -hsync +vsync (67.1 kHz e)
[    15.735] (II) NOUVEAU(0): EDID vendor "DEL", prod id 41179
[    15.735] (II) NOUVEAU(0): Using hsync ranges from config file
[    15.735] (II) NOUVEAU(0): Using vrefresh ranges from config file
[    15.736] (II) NOUVEAU(0): Printing DDC gathered Modelines:
[    15.736] (II) NOUVEAU(0): Modeline "1920x1080"x0.0  148.50  1920 2008 2052 2200  1080 1084 1089 1125 +hsync +vsync (67.5 kHz eP)
[    15.736] (II) NOUVEAU(0): Modeline "800x600"x0.0   40.00  800 840 968 1056  600 601 605 628 +hsync +vsync (37.9 kHz e)
[    15.736] (II) NOUVEAU(0): Modeline "640x480"x0.0   31.50  640 656 720 840  480 481 484 500 -hsync -vsync (37.5 kHz e)
[    15.736] (II) NOUVEAU(0): Modeline "640x480"x0.0   25.18  640 656 752 800  480 490 492 525 -hsync -vsync (31.5 kHz e)
[    15.736] (II) NOUVEAU(0): Modeline "720x400"x0.0   28.32  720 738 846 900  400 412 414 449 -hsync +vsync (31.5 kHz e)
[    15.736] (II) NOUVEAU(0): Modeline "1280x1024"x0.0  135.00  1280 1296 1440 1688  1024 1025 1028 1066 +hsync +vsync (80.0 kHz e)
[    15.736] (II) NOUVEAU(0): Modeline "1024x768"x0.0   78.75  1024 1040 1136 1312  768 769 772 800 +hsync +vsync (60.0 kHz e)
[    15.736] (II) NOUVEAU(0): Modeline "1024x768"x0.0   65.00  1024 1048 1184 1344  768 771 777 806 -hsync -vsync (48.4 kHz e)
[    15.736] (II) NOUVEAU(0): Modeline "800x600"x0.0   49.50  800 816 896 1056  600 601 604 625 +hsync +vsync (46.9 kHz e)
[    15.736] (II) NOUVEAU(0): Modeline "1152x864"x0.0  108.00  1152 1216 1344 1600  864 865 868 900 +hsync +vsync (67.5 kHz e)
[    15.736] (II) NOUVEAU(0): Modeline "1280x1024"x0.0  108.00  1280 1328 1440 1688  1024 1025 1028 1066 +hsync +vsync (64.0 kHz e)
[    15.736] (II) NOUVEAU(0): Modeline "1600x900"x60.0  119.00  1600 1696 1864 2128  900 901 904 932 -hsync +vsync (55.9 kHz e)
[    15.736] (II) NOUVEAU(0): Modeline "1920x1080"x60.0  172.80  1920 2040 2248 2576  1080 1081 1084 1118 -hsync +vsync (67.1 kHz e)
[    21.006] (II) NOUVEAU(0): EDID vendor "DEL", prod id 41179
[    21.006] (II) NOUVEAU(0): Using hsync ranges from config file
[    21.006] (II) NOUVEAU(0): Using vrefresh ranges from config file
[    21.006] (II) NOUVEAU(0): Printing DDC gathered Modelines:
[    21.006] (II) NOUVEAU(0): Modeline "1920x1080"x0.0  148.50  1920 2008 2052 2200  1080 1084 1089 1125 +hsync +vsync (67.5 kHz eP)
[    21.006] (II) NOUVEAU(0): Modeline "800x600"x0.0   40.00  800 840 968 1056  600 601 605 628 +hsync +vsync (37.9 kHz e)
[    21.006] (II) NOUVEAU(0): Modeline "640x480"x0.0   31.50  640 656 720 840  480 481 484 500 -hsync -vsync (37.5 kHz e)
[    21.006] (II) NOUVEAU(0): Modeline "640x480"x0.0   25.18  640 656 752 800  480 490 492 525 -hsync -vsync (31.5 kHz e)
[    21.006] (II) NOUVEAU(0): Modeline "720x400"x0.0   28.32  720 738 846 900  400 412 414 449 -hsync +vsync (31.5 kHz e)
[    21.006] (II) NOUVEAU(0): Modeline "1280x1024"x0.0  135.00  1280 1296 1440 1688  1024 1025 1028 1066 +hsync +vsync (80.0 kHz e)
[    21.006] (II) NOUVEAU(0): Modeline "1024x768"x0.0   78.75  1024 1040 1136 1312  768 769 772 800 +hsync +vsync (60.0 kHz e)
[    21.006] (II) NOUVEAU(0): Modeline "1024x768"x0.0   65.00  1024 1048 1184 1344  768 771 777 806 -hsync -vsync (48.4 kHz e)
[    21.006] (II) NOUVEAU(0): Modeline "800x600"x0.0   49.50  800 816 896 1056  600 601 604 625 +hsync +vsync (46.9 kHz e)
[    21.006] (II) NOUVEAU(0): Modeline "1152x864"x0.0  108.00  1152 1216 1344 1600  864 865 868 900 +hsync +vsync (67.5 kHz e)
[    21.006] (II) NOUVEAU(0): Modeline "1280x1024"x0.0  108.00  1280 1328 1440 1688  1024 1025 1028 1066 +hsync +vsync (64.0 kHz e)
[    21.006] (II) NOUVEAU(0): Modeline "1600x900"x60.0  119.00  1600 1696 1864 2128  900 901 904 932 -hsync +vsync (55.9 kHz e)
[    21.006] (II) NOUVEAU(0): Modeline "1920x1080"x60.0  172.80  1920 2040 2248 2576  1080 1081 1084 1118 -hsync +vsync (67.1 kHz e)
[   373.914] -2
[  5266.012] (**) Option "fd" "22"
[  5266.013] (II) event2  - Power Button: device removed
[  5266.013] (**) Option "fd" "25"
[  5266.013] (II) event1  - Power Button: device removed
[  5266.013] (**) Option "fd" "26"
[  5266.013] (II) event0  - Sleep Button: device removed
[  5266.013] (**) Option "fd" "27"
[  5266.013] (II) event5  - USB-HID Keyboard: device removed
[  5266.013] (**) Option "fd" "28"
[  5266.013] (II) event6  - USB-HID Keyboard: device removed
[  5266.013] (**) Option "fd" "29"
[  5266.013] (II) event3  - C-Media Electronics Inc. USB Audio Device: device removed
[  5266.013] (**) Option "fd" "30"
[  5266.013] (II) event4  - Logitech USB Optical Mouse: device removed
[  5266.013] (**) Option "fd" "31"
[  5266.013] (II) event7  - Eee PC WMI hotkeys: device removed
[  5266.014] (II) UnloadModule: "libinput"
[  5266.014] (II) systemd-logind: releasing fd for 13:71
[  5266.039] (II) UnloadModule: "libinput"
[  5266.039] (II) systemd-logind: releasing fd for 13:68
[  5266.144] (II) UnloadModule: "libinput"
[  5266.144] (II) systemd-logind: releasing fd for 13:67
[  5266.168] (II) UnloadModule: "libinput"
[  5266.168] (II) systemd-logind: releasing fd for 13:70
[  5266.169] (II) UnloadModule: "libinput"
[  5266.169] (II) systemd-logind: releasing fd for 13:69
[  5266.170] (II) UnloadModule: "libinput"
[  5266.170] (II) systemd-logind: releasing fd for 13:64
[  5266.170] (II) UnloadModule: "libinput"
[  5266.171] (II) systemd-logind: releasing fd for 13:65
[  5266.172] (II) UnloadModule: "libinput"
[  5266.172] (II) systemd-logind: releasing fd for 13:66
[  5266.228] (II) NOUVEAU(0): NVLeaveVT is called.
[  5266.495] (WW) xf86CloseConsole: KDSETMODE failed: Input/output error
[  5266.495] (WW) xf86CloseConsole: VT_GETMODE failed: Input/output error
[  5266.495] (WW) xf86CloseConsole: VT_ACTIVATE failed: Input/output error
[  5266.566] (II) Server terminated successfully (0). Closing log file.
