=========================
FCITX 4.2.9.6 -- Get Signal No.: 6
Date: try "date -d @1546942601" if you are using GNU date ***
ProcessID: 22541
/usr/bin/fcitx(+0x1627)[0x561cabb8d627]
/lib/x86_64-linux-gnu/libc.so.6(+0x3ef20)[0x7f0a6d9d9f20]
/lib/x86_64-linux-gnu/libc.so.6(gsignal+0xc7)[0x7f0a6d9d9e97]
/lib/x86_64-linux-gnu/libc.so.6(abort+0x141)[0x7f0a6d9db801]
/lib/x86_64-linux-gnu/libc.so.6(+0x89897)[0x7f0a6da24897]
/lib/x86_64-linux-gnu/libc.so.6(+0x134cff)[0x7f0a6dacfcff]
/lib/x86_64-linux-gnu/libc.so.6(+0x134d21)[0x7f0a6dacfd21]
/lib/x86_64-linux-gnu/libc.so.6(+0x132a10)[0x7f0a6dacda10]
/lib/x86_64-linux-gnu/libc.so.6(+0x134c0a)[0x7f0a6dacfc0a]
/usr/lib/x86_64-linux-gnu/fcitx/fcitx-dbus.so(+0x2343)[0x7f0a6c9ac343]
/usr/lib/x86_64-linux-gnu/fcitx/fcitx-dbus.so(+0x2511)[0x7f0a6c9ac511]
/usr/lib/x86_64-linux-gnu/libfcitx-core.so.0(+0x8acc)[0x7f0a6e3dfacc]
/usr/lib/x86_64-linux-gnu/libfcitx-core.so.0(FcitxInstanceRun+0x330)[0x7f0a6e3e0560]
/usr/bin/fcitx(+0xf6c)[0x561cabb8cf6c]
/lib/x86_64-linux-gnu/libc.so.6(__libc_start_main+0xe7)[0x7f0a6d9bcb97]
/usr/bin/fcitx(+0xfea)[0x561cabb8cfea]
