VirtualBox GUI VM Selector Window 5.2.18_Ubuntu r123745 linux.amd64 (Mar  8 2019 18:20:35) release log
00:00:00.650131 Log opened 2019-07-11T07:57:51.840438000Z
00:00:00.650134 Build Type: release
00:00:00.650139 OS Product: Linux
00:00:00.650142 OS Release: 4.15.0-54-generic
00:00:00.650145 OS Version: #58-Ubuntu SMP Mon Jun 24 10:55:24 UTC 2019
00:00:00.650181 DMI Product Name: System Product Name
00:00:00.650198 DMI Product Version: System Version
00:00:00.650288 Host RAM: 15968MB (15.5GB) total, 13872MB (13.5GB) available
00:00:00.650295 Executable: /usr/lib/virtualbox/VirtualBox
00:00:00.650296 Process ID: 16920
00:00:00.650298 Package type: LINUX_64BITS_GENERIC (OSE)
00:00:00.650333 Qt version: 5.9.5
00:00:00.678886 GUI: UIMediumEnumerator: Medium-enumeration started...
00:00:00.678917 GUI: UIMediumEnumerator: Medium-enumeration finished!
00:00:00.684355 GUI: UIMediumEnumerator: Medium-enumeration started...
00:00:00.684392 GUI: UIMediumEnumerator: Medium-enumeration finished!
00:00:00.826541 GUI: UIDesktopWidgetWatchdog::sltHandleHostScreenAvailableGeometryCalculated: Screen 0 work area is actually resized to: 1991x30 x 1849x1050
00:00:00.830978 GUI: UIDesktopWidgetWatchdog::sltHandleHostScreenAvailableGeometryCalculated: Screen 1 work area is actually resized to: 0x30 x 1920x1050
00:00:04.261166 GUI: UIMediumEnumerator: Medium-enumeration started...
00:00:04.261208 GUI: UIMediumEnumerator: Medium-enumeration finished!
